364151 52.76 47.55
133297 158.30 114.55
68888 253.47 159.30
240276 159.46 124.21
80676 375.69 197.93
40016 597.28 209.92
183709 273.76 184.94
57104 604.51 214.27
27524 951.53 175.46
358866 50.93 48.47
132847 145.45 124.41
68281 232.66 184.40
240175 157.26 138.97
80172 347.41 255.78
39693 567.69 338.19
181850 261.96 216.03
56704 569.74 351.94
27476 882.32 398.64
352834 45.22 42.70
132545 123.23 102.36
68177 221.93 157.83
238722 131.69 111.27
79674 326.95 209.64
39558 510.19 249.13
183866 221.52 173.56
55597 508.96 259.61
27186 775.62 264.33
